<?xml version="1.0" encoding="UTF-8"?>
<testng-results ignored="0" total="1" passed="1" failed="0" skipped="0">
  <reporter-output>
  </reporter-output>
  <suite started-at="2023-07-10T23:43:16Z" name="Default suite" finished-at="2023-07-10T23:43:54Z" duration-ms="38193">
    <groups>
    </groups>
    <test started-at="2023-07-10T23:43:16Z" name="Default test" finished-at="2023-07-10T23:43:54Z" duration-ms="38193">
      <class name="appiumcourse.ecomApp.Ecom_TC_1">
        <test-method is-config="true" signature="configureAppium()[pri:0, instance:appiumcourse.ecomApp.Ecom_TC_1@2b40ff9c]" started-at="2023-07-10T23:43:16Z" name="configureAppium" finished-at="2023-07-10T23:43:25Z" duration-ms="8584" status="PASS">
          <reporter-output>
          </reporter-output>
        </test-method> <!-- configureAppium -->
        <test-method signature="fillForm()[pri:0, instance:appiumcourse.ecomApp.Ecom_TC_1@2b40ff9c]" started-at="2023-07-10T23:43:25Z" name="fillForm" finished-at="2023-07-10T23:43:54Z" duration-ms="29211" status="PASS">
          <reporter-output>
          </reporter-output>
        </test-method> <!-- fillForm -->
        <test-method is-config="true" signature="tearDown()[pri:0, instance:appiumcourse.ecomApp.Ecom_TC_1@2b40ff9c]" started-at="2023-07-10T23:43:54Z" name="tearDown" finished-at="2023-07-10T23:43:54Z" duration-ms="384" status="PASS">
          <reporter-output>
          </reporter-output>
        </test-method> <!-- tearDown -->
      </class> <!-- appiumcourse.ecomApp.Ecom_TC_1 -->
    </test> <!-- Default test -->
  </suite> <!-- Default suite -->
</testng-results>
